<?xml version="1.0" encoding="UTF-8"?>
<!-- Generated by org.testng.reporters.JUnitReportReporter -->
<testsuite skipped="0" hostname="DESKTOP-JU4S01B" name="TestNGClassesTwo.ThirdTestNGclass" tests="2" failures="0" timestamp="2021-02-17T00:12:43 IST" time="0.000" errors="0">
  <testcase name="mind" time="0.000" classname="TestNGClassesTwo.ThirdTestNGclass"/>
  <testcase name="mindpower" time="0.000" classname="TestNGClassesTwo.ThirdTestNGclass"/>
</testsuite> <!-- TestNGClassesTwo.ThirdTestNGclass -->
