<?xml version="1.0" encoding="UTF-8"?>
<!-- Generated by org.testng.reporters.JUnitReportReporter -->
<testsuite skipped="0" hostname="DESKTOP-JU4S01B" name="TestNGClasses.SecondTestNGclass" tests="5" failures="0" timestamp="2021-02-17T00:12:43 IST" time="0.023" errors="0">
  <testcase name="ViewAccount" time="0.000" classname="TestNGClasses.SecondTestNGclass"/>
  <testcase name="OpenBrowser" time="0.000" classname="TestNGClasses.SecondTestNGclass"/>
  <testcase name="logout" time="0.016" classname="TestNGClasses.SecondTestNGclass"/>
  <testcase name="logIn" time="0.007" classname="TestNGClasses.SecondTestNGclass"/>
  <testcase name="OpenBrowser" time="0.000" classname="TestNGClasses.SecondTestNGclass"/>
</testsuite> <!-- TestNGClasses.SecondTestNGclass -->
