<?xml version="1.0" encoding="UTF-8"?>
<!-- Generated by org.testng.reporters.JUnitReportReporter -->
<testsuite skipped="0" hostname="DESKTOP-JU4S01B" name="TestNGClassesDPExcel.DataProviderExcel" tests="2" failures="0" timestamp="2021-02-19T00:06:32 IST" time="16.914" errors="0">
  <testcase name="LoginTest" time="9.601" classname="TestNGClassesDPExcel.DataProviderExcel"/>
  <testcase name="LoginTest" time="7.313" classname="TestNGClassesDPExcel.DataProviderExcel"/>
</testsuite> <!-- TestNGClassesDPExcel.DataProviderExcel -->
