<?xml version="1.0" encoding="UTF-8"?>
<!-- Generated by org.testng.reporters.JUnitReportReporter -->
<testsuite skipped="0" hostname="DESKTOP-JU4S01B" name="Listeners.TestClass" tests="3" failures="0" timestamp="2021-02-20T20:37:52 IST" time="0.015" errors="0">
  <testcase name="display" time="0.011" classname="Listeners.TestClass"/>
  <testcase name="division" time="0.000" classname="Listeners.TestClass"/>
  <testcase name="division" time="0.004" classname="Listeners.TestClass"/>
</testsuite> <!-- Listeners.TestClass -->
