<?xml version="1.0" encoding="UTF-8"?>
<!-- Generated by org.testng.reporters.JUnitReportReporter -->
<testsuite skipped="0" hostname="DESKTOP-JU4S01B" name="TestNGclassesThree.DataProviderClass" tests="2" failures="0" timestamp="2021-02-17T13:52:54 IST" time="0.000" errors="0">
  <testcase name="sum" time="0.000" classname="TestNGclassesThree.DataProviderClass"/>
  <testcase name="sum" time="0.000" classname="TestNGclassesThree.DataProviderClass"/>
</testsuite> <!-- TestNGclassesThree.DataProviderClass -->
