<?xml version="1.0" encoding="UTF-8"?>
<!-- Generated by org.testng.reporters.JUnitReportReporter -->
<testsuite skipped="1" hostname="DESKTOP-JU4S01B" name="TestNGclassesThree.Democlass" tests="9" failures="0" timestamp="2021-02-17T16:39:23 IST" time="0.005" errors="0">
  <testcase name="bisplay" time="0.000" classname="TestNGclassesThree.Democlass"/>
  <testcase name="sum" time="0.000" classname="TestNGclassesThree.Democlass"/>
  <testcase name="concrete" time="0.000" classname="TestNGclassesThree.Democlass"/>
  <testcase name="multiply" time="0.001" classname="TestNGclassesThree.Democlass"/>
  <testcase name="sum" time="0.000" classname="TestNGclassesThree.Democlass"/>
  <testcase name="concrete1234" time="0.000" classname="TestNGclassesThree.Democlass"/>
  <testcase name="multiply" time="0.004" classname="TestNGclassesThree.Democlass"/>
  <testcase name="ahow" time="0.000" classname="TestNGclassesThree.Democlass"/>
  <testcase name="ahow1" classname="TestNGclassesThree.Democlass">
    <skipped/>
  </testcase> <!-- ahow1 -->
</testsuite> <!-- TestNGclassesThree.Democlass -->
