<?xml version="1.0" encoding="UTF-8"?>
<!-- Generated by org.testng.reporters.JUnitReportReporter -->
<testsuite skipped="0" hostname="DESKTOP-JU4S01B" name="FirstTestNGclass" tests="3" failures="0" timestamp="2021-02-15T13:03:05 IST" time="7.277" errors="0">
  <testcase name="f" time="7.265" classname="FirstTestNGclass"/>
  <testcase name="gas" time="0.003" classname="FirstTestNGclass"/>
  <testcase name="liquid" time="0.009" classname="FirstTestNGclass"/>
</testsuite> <!-- FirstTestNGclass -->
