<?xml version="1.0" encoding="UTF-8"?>
<!-- Generated by org.testng.reporters.JUnitReportReporter -->
<testsuite skipped="0" hostname="DESKTOP-JU4S01B" name="Listeners.TestClassFour" tests="2" failures="0" timestamp="2021-02-20T22:59:41 IST" time="0.017" errors="0">
  <testcase name="firstmethod" time="0.015" classname="Listeners.TestClassFour"/>
  <testcase name="secondmethod" time="0.002" classname="Listeners.TestClassFour"/>
</testsuite> <!-- Listeners.TestClassFour -->
